<?xml version="1.0" encoding="UTF-8"?>
<!-- Generated by org.testng.reporters.JUnitReportReporter -->
<testsuite hostname="RUPALI" failures="0" tests="1" name="tests.LoginPageTest" time="19.744" errors="0" timestamp="2023-05-02T00:00:01 IST" skipped="0">
  <testcase classname="tests.LoginPageTest" name="validateLoginTest" time="19.744"/>
  <system-out/>
</testsuite> <!-- tests.LoginPageTest -->
