<?xml version="1.0" encoding="UTF-8"?>
<!-- Generated by org.testng.reporters.JUnitReportReporter -->
<testsuite hostname="RUPALI" failures="0" tests="1" name="GoogleTest" time="58.653" errors="0" timestamp="2023-05-01T17:11:04 IST" skipped="0">
  <testcase classname="GoogleTest" name="googleSearchTest" time="58.653"/>
  <system-out/>
</testsuite> <!-- GoogleTest -->
