<?xml version="1.0" encoding="UTF-8"?>
<!-- Generated by org.testng.reporters.JUnitReportReporter -->
<testsuite hostname="RUPALI" failures="0" tests="7" name="tests.HomePageTest" time="288.353" errors="0" timestamp="2023-05-08T22:11:44 IST" skipped="0">
  <testcase classname="tests.HomePageTest" name="validateRedirectionOfCreateCompanyTest" time="59.652"/>
  <system-out/>
  <testcase classname="tests.HomePageTest" name="validateHomePageLogoTest" time="39.743"/>
  <system-out/>
  <testcase classname="tests.HomePageTest" name="validateUserTest" time="32.428"/>
  <system-out/>
  <testcase classname="tests.HomePageTest" name="validateLogoutTest" time="36.091"/>
  <system-out/>
  <testcase classname="tests.HomePageTest" name="validateRedirectionCreateContactTest" time="42.472"/>
  <system-out/>
  <testcase classname="tests.HomePageTest" name="validateRedirectionOfCreateTaskTest" time="41.525"/>
  <system-out/>
  <testcase classname="tests.HomePageTest" name="validateRedirectionOfCreateDealTest" time="36.442"/>
  <system-out/>
</testsuite> <!-- tests.HomePageTest -->
