<?xml version="1.0" encoding="UTF-8"?>
<!-- Generated by org.testng.reporters.JUnitReportReporter -->
<testsuite hostname="RUPALI" failures="0" tests="5" name="tests.NewContactPageTest" time="227.048" errors="0" timestamp="2023-05-09T13:05:30 IST" skipped="0">
  <testcase classname="tests.NewContactPageTest" name="validateCreateContact" time="42.605"/>
  <system-out/>
  <testcase classname="tests.NewContactPageTest" name="validateCreateContact" time="49.207"/>
  <system-out/>
  <testcase classname="tests.NewContactPageTest" name="validateCreateContact" time="48.806"/>
  <system-out/>
  <testcase classname="tests.NewContactPageTest" name="validateCreateContact" time="43.088"/>
  <system-out/>
  <testcase classname="tests.NewContactPageTest" name="validateCreateContact" time="43.342"/>
  <system-out/>
</testsuite> <!-- tests.NewContactPageTest -->
